18:20:46.113 [main] INFO  TestCases.TC_001_HomePage - location is passed
18:20:51.667 [main] INFO  TestCases.TC_001_HomePage - speciality is selected
18:20:52.208 [main] INFO  TestCases.TC_001_HomePage - filter for patient story is selected 
18:20:52.624 [main] INFO  TestCases.TC_001_HomePage - filter for doctor experience is selected
18:20:53.178 [main] INFO  TestCases.TC_001_HomePage - filter for fee and availablity is selected
18:20:56.938 [main] INFO  TestCases.TC_001_HomePage - sort by is clicked and sort by selected
18:21:07.497 [main] INFO  TestCases.TC_001_HomePage - page is scroll down
18:21:11.514 [main] INFO  TestCases.TC_001_HomePage - list of top 5 doctor's name is printed
18:21:12.925 [main] INFO  TestCases.TC_001_HomePage - list of top 5 doctor's experience is printed
18:21:14.205 [main] INFO  TestCases.TC_001_HomePage - list of top 5 doctor's clinic is printed
18:21:15.349 [main] INFO  TestCases.TC_001_HomePage - list of top 5 doctor's consultation fee is printed
18:21:18.563 [main] INFO  TestCases.TC_001_HomePage - clicked on surgeries Button
18:21:19.085 [main] INFO  TestCases.TC_001_HomePage - page is scrolled
18:21:22.470 [main] INFO  TestCases.TC_001_HomePage - surgery list is displayed
18:21:39.736 [main] INFO  TestCases.TC_001_HomePage - ***TC_04_CorporateWellness***
18:21:41.559 [main] INFO  TestCases.TC_001_HomePage - details entered
18:21:42.463 [main] INFO  TestCases.TC_001_HomePage - orgniztion size is selected
18:21:43.773 [main] INFO  TestCases.TC_001_HomePage - submit button is clicked
18:21:47.878 [main] INFO  TestCases.TC_001_HomePage - orgniztion size is selected
18:34:14.126 [main] INFO  TestCases.TC_001_HomePage - Chrome browser opened successfully
18:34:18.427 [main] INFO  TestCases.TC_001_HomePage - ***TC_01_homePage started***
18:34:21.981 [main] INFO  TestCases.TC_001_HomePage - ****TC_02_Detail started****
18:34:23.006 [main] INFO  TestCases.TC_001_HomePage - location is passed
18:34:26.813 [main] INFO  TestCases.TC_001_HomePage - speciality is selected
18:34:27.487 [main] INFO  TestCases.TC_001_HomePage - filter for patient story is selected 
18:34:27.895 [main] INFO  TestCases.TC_001_HomePage - filter for doctor experience is selected
18:34:28.500 [main] INFO  TestCases.TC_001_HomePage - filter for fee and availablity is selected
18:34:32.510 [main] INFO  TestCases.TC_001_HomePage - sort by is clicked and sort by selected
18:34:43.110 [main] INFO  TestCases.TC_001_HomePage - page is scroll down
18:34:48.665 [main] INFO  TestCases.TC_001_HomePage - list of top 5 doctor's name is printed
18:34:50.127 [main] INFO  TestCases.TC_001_HomePage - list of top 5 doctor's experience is printed
18:34:51.384 [main] INFO  TestCases.TC_001_HomePage - list of top 5 doctor's clinic is printed
18:34:52.404 [main] INFO  TestCases.TC_001_HomePage - list of top 5 doctor's consultation fee is printed
18:34:54.869 [main] INFO  TestCases.TC_001_HomePage - clicked on surgeries Button
18:34:55.538 [main] INFO  TestCases.TC_001_HomePage - page is scrolled
18:34:58.434 [main] INFO  TestCases.TC_001_HomePage - surgery list is displayed
18:35:04.910 [main] INFO  TestCases.TC_001_HomePage - ***TC_04_CorporateWellness***
18:35:06.244 [main] INFO  TestCases.TC_001_HomePage - details entered
18:35:07.081 [main] INFO  TestCases.TC_001_HomePage - orgniztion size is selected
18:35:08.326 [main] INFO  TestCases.TC_001_HomePage - submit button is clicked
18:35:12.445 [main] INFO  TestCases.TC_001_HomePage - orgniztion size is selected
18:36:42.130 [main] INFO  StepDefinations.Hooks -  Testing in chrome___
18:36:56.675 [main] INFO  StepDefinations.Hooks - *****User is on Details page
18:38:11.876 [main] INFO  StepDefinations.Hooks - CorporateWellness Form is opened
18:38:44.687 [main] INFO  StepDefinations.Hooks - CorporateWellness Form is opened
18:39:21.939 [main] INFO  StepDefinations.Hooks -  Testing in chrome___
18:39:33.508 [main] INFO  StepDefinations.Hooks - *****User is on Details page
18:40:01.922 [main] INFO  StepDefinations.Hooks - CorporateWellness Form is opened
18:40:02.056 [main] INFO  StepDefinations.Hooks - CorporateWellness Form is opened
18:43:01.352 [main] INFO  StepDefinations.Hooks -  Testing in chrome___
18:43:11.830 [main] INFO  StepDefinations.Hooks - *****User is on Details page
18:44:01.962 [main] INFO  StepDefinations.Hooks - CorporateWellness Form is opened
18:44:09.371 [main] INFO  StepDefinations.Hooks - CorporateWellness Form is opened
18:46:34.366 [main] INFO  TestCases.TC_001_HomePage - Chrome browser opened successfully
18:46:40.684 [main] INFO  TestCases.TC_001_HomePage - ***TC_01_homePage started***
18:46:45.888 [main] INFO  TestCases.TC_001_HomePage - ****TC_02_Detail started****
18:46:46.769 [main] INFO  TestCases.TC_001_HomePage - location is passed
18:46:51.457 [main] INFO  TestCases.TC_001_HomePage - speciality is selected
18:46:52.116 [main] INFO  TestCases.TC_001_HomePage - filter for patient story is selected 
